<?xml version="1.0" encoding="UTF-8"?>
<testng-results ignored="0" total="1" passed="1" failed="0" skipped="0">
  <reporter-output>
  </reporter-output>
  <suite started-at="2024-09-06T12:04:32 IST" name="Suite" finished-at="2024-09-06T12:04:32 IST" duration-ms="102">
    <groups>
    </groups>
    <test started-at="2024-09-06T12:04:32 IST" name="Test" finished-at="2024-09-06T12:04:32 IST" duration-ms="102">
      <class name="selenium.NewTest">
        <test-method signature="f()[pri:0, instance:selenium.NewTest@76b1e9b8]" started-at="2024-09-06T12:04:32 IST" name="f" finished-at="2024-09-06T12:04:32 IST" duration-ms="19" status="PASS">
          <reporter-output>
          </reporter-output>
        </test-method> <!-- f -->
      </class> <!-- selenium.NewTest -->
    </test> <!-- Test -->
  </suite> <!-- Suite -->
</testng-results>
