<?xml version="1.0" encoding="UTF-8"?>
<!-- Generated by org.testng.reporters.JUnitXMLReporter -->
<testsuite ignored="0" hostname="SYNPYBRLF1KV2HQ" failures="0" tests="3" name="Default test" time="37.218" errors="0" timestamp="2024-10-09T13:51:36 IST">
  <testcase classname="testBase.TestBase" name="openBrowser" time="9.95"/>
  <testcase classname="testCases.Test2" name="testCase2" time="27.194"/>
  <testcase classname="testBase.TestBase" name="closeBrowser" time="0.003"/>
</testsuite> <!-- Default test -->
