<?xml version="1.0" encoding="UTF-8"?>
<testng-results ignored="0" total="1" passed="1" failed="0" skipped="0">
  <reporter-output>
  </reporter-output>
  <suite started-at="2024-12-05T13:16:51 IST" name="Default suite" finished-at="2024-12-05T13:16:51 IST" duration-ms="58">
    <groups>
    </groups>
    <test started-at="2024-12-05T13:16:51 IST" name="Default test" finished-at="2024-12-05T13:16:51 IST" duration-ms="58">
      <class name="Synchron.SeleniumTestNg.AnnotationEg">
        <test-method is-config="true" signature="beforeclass()[pri:0, instance:Synchron.SeleniumTestNg.AnnotationEg@5158b42f]" started-at="2024-12-05T13:16:51 IST" name="beforeclass" finished-at="2024-12-05T13:16:51 IST" duration-ms="6" status="PASS">
          <reporter-output>
          </reporter-output>
        </test-method> <!-- beforeclass -->
        <test-method is-config="true" signature="beforemethod()[pri:0, instance:Synchron.SeleniumTestNg.AnnotationEg@5158b42f]" started-at="2024-12-05T13:16:51 IST" name="beforemethod" finished-at="2024-12-05T13:16:51 IST" duration-ms="0" status="PASS">
          <reporter-output>
          </reporter-output>
        </test-method> <!-- beforemethod -->
        <test-method signature="testcase1()[pri:0, instance:Synchron.SeleniumTestNg.AnnotationEg@5158b42f]" started-at="2024-12-05T13:16:51 IST" name="testcase1" finished-at="2024-12-05T13:16:51 IST" duration-ms="7" status="PASS">
          <reporter-output>
          </reporter-output>
        </test-method> <!-- testcase1 -->
        <test-method is-config="true" signature="aftermethod()[pri:0, instance:Synchron.SeleniumTestNg.AnnotationEg@5158b42f]" started-at="2024-12-05T13:16:51 IST" name="aftermethod" finished-at="2024-12-05T13:16:51 IST" duration-ms="0" status="PASS">
          <reporter-output>
          </reporter-output>
        </test-method> <!-- aftermethod -->
        <test-method is-config="true" signature="afterclass()[pri:0, instance:Synchron.SeleniumTestNg.AnnotationEg@5158b42f]" started-at="2024-12-05T13:16:51 IST" name="afterclass" finished-at="2024-12-05T13:16:51 IST" duration-ms="0" status="PASS">
          <reporter-output>
          </reporter-output>
        </test-method> <!-- afterclass -->
      </class> <!-- Synchron.SeleniumTestNg.AnnotationEg -->
    </test> <!-- Default test -->
  </suite> <!-- Default suite -->
</testng-results>
