<?xml version="1.0" encoding="UTF-8"?>
<testng-results ignored="0" total="1" passed="1" failed="0" skipped="0">
  <reporter-output>
  </reporter-output>
  <suite started-at="2024-10-10T13:34:14 IST" name="Default suite" finished-at="2024-10-10T13:34:22 IST" duration-ms="7813">
    <groups>
    </groups>
    <test started-at="2024-10-10T13:34:14 IST" name="Default test" finished-at="2024-10-10T13:34:22 IST" duration-ms="7813">
      <class name="seleniumConcepts.AutoSuggesrElements">
        <test-method signature="testCase1()[pri:0, instance:seleniumConcepts.AutoSuggesrElements@3e27ba32]" started-at="2024-10-10T13:34:14 IST" name="testCase1" finished-at="2024-10-10T13:34:22 IST" duration-ms="7769" status="PASS">
          <reporter-output>
          </reporter-output>
        </test-method> <!-- testCase1 -->
      </class> <!-- seleniumConcepts.AutoSuggesrElements -->
    </test> <!-- Default test -->
  </suite> <!-- Default suite -->
</testng-results>
